2021-10-12T03:26:03+00:00 CRITICAL Uncaught Error: Undefined class constant 'MYSQL_ATTR_INIT_COMMAND' in /var/www/html/wp-content/plugins/mailpoet/lib/Doctrine/ConnectionFactory.php:84
Stack trace:
#0 /var/www/html/wp-content/plugins/mailpoet/lib/Doctrine/ConnectionFactory.php(45): MailPoet\Doctrine\ConnectionFactory->getDriverOptions('+02:00', 'utf8mb4', 'utf8mb4_unicode...')
#1 /var/www/html/wp-content/plugins/mailpoet/generated/FreeCachedContainer.php(396): MailPoet\Doctrine\ConnectionFactory->createConnection()
#2 /var/www/html/wp-content/plugins/mailpoet/generated/FreeCachedContainer.php(408): MailPoetGenerated\FreeCachedContainer->getConnectionService()
#3 /var/www/html/wp-content/plugins/mailpoet/generated/FreeCachedContainer.php(2387): MailPoetGenerated\FreeCachedContainer->getEntityManagerService()
#4 /var/www/html/wp-content/plugins/mailpoet/generated/FreeCachedContainer.php(2377): MailPoetGenerated\FreeCachedContainer->getSettingsRepositoryService()
#5 /var/www/html/wp-content/plugins/mailpoet/vendor-prefixed/symfony/dependency-inje dans /var/www/html/wp-content/plugins/mailpoet/lib/Doctrine/ConnectionFactory.php à la ligne 84

2021-10-12T03:26:27+00:00 CRITICAL Uncaught Error: Undefined class constant 'MYSQL_ATTR_INIT_COMMAND' in /var/www/html/wp-content/plugins/mailpoet/lib/Doctrine/ConnectionFactory.php:84
Stack trace:
#0 /var/www/html/wp-content/plugins/mailpoet/lib/Doctrine/ConnectionFactory.php(45): MailPoet\Doctrine\ConnectionFactory->getDriverOptions('+02:00', 'utf8mb4', 'utf8mb4_unicode...')
#1 /var/www/html/wp-content/plugins/mailpoet/generated/FreeCachedContainer.php(396): MailPoet\Doctrine\ConnectionFactory->createConnection()
#2 /var/www/html/wp-content/plugins/mailpoet/generated/FreeCachedContainer.php(408): MailPoetGenerated\FreeCachedContainer->getConnectionService()
#3 /var/www/html/wp-content/plugins/mailpoet/generated/FreeCachedContainer.php(2387): MailPoetGenerated\FreeCachedContainer->getEntityManagerService()
#4 /var/www/html/wp-content/plugins/mailpoet/generated/FreeCachedContainer.php(2377): MailPoetGenerated\FreeCachedContainer->getSettingsRepositoryService()
#5 /var/www/html/wp-content/plugins/mailpoet/vendor-prefixed/symfony/dependency-inje dans /var/www/html/wp-content/plugins/mailpoet/lib/Doctrine/ConnectionFactory.php à la ligne 84

2021-10-12T03:26:35+00:00 CRITICAL Uncaught Error: Undefined class constant 'MYSQL_ATTR_INIT_COMMAND' in /var/www/html/wp-content/plugins/mailpoet/lib/Doctrine/ConnectionFactory.php:84
Stack trace:
#0 /var/www/html/wp-content/plugins/mailpoet/lib/Doctrine/ConnectionFactory.php(45): MailPoet\Doctrine\ConnectionFactory->getDriverOptions('+02:00', 'utf8mb4', 'utf8mb4_unicode...')
#1 /var/www/html/wp-content/plugins/mailpoet/generated/FreeCachedContainer.php(396): MailPoet\Doctrine\ConnectionFactory->createConnection()
#2 /var/www/html/wp-content/plugins/mailpoet/generated/FreeCachedContainer.php(408): MailPoetGenerated\FreeCachedContainer->getConnectionService()
#3 /var/www/html/wp-content/plugins/mailpoet/generated/FreeCachedContainer.php(2387): MailPoetGenerated\FreeCachedContainer->getEntityManagerService()
#4 /var/www/html/wp-content/plugins/mailpoet/generated/FreeCachedContainer.php(2377): MailPoetGenerated\FreeCachedContainer->getSettingsRepositoryService()
#5 /var/www/html/wp-content/plugins/mailpoet/vendor-prefixed/symfony/dependency-inje dans /var/www/html/wp-content/plugins/mailpoet/lib/Doctrine/ConnectionFactory.php à la ligne 84

2021-10-12T03:27:36+00:00 CRITICAL Uncaught Error: Undefined class constant 'MYSQL_ATTR_INIT_COMMAND' in /var/www/html/wp-content/plugins/mailpoet/lib/Doctrine/ConnectionFactory.php:84
Stack trace:
#0 /var/www/html/wp-content/plugins/mailpoet/lib/Doctrine/ConnectionFactory.php(45): MailPoet\Doctrine\ConnectionFactory->getDriverOptions('+02:00', 'utf8mb4', 'utf8mb4_unicode...')
#1 /var/www/html/wp-content/plugins/mailpoet/generated/FreeCachedContainer.php(396): MailPoet\Doctrine\ConnectionFactory->createConnection()
#2 /var/www/html/wp-content/plugins/mailpoet/generated/FreeCachedContainer.php(408): MailPoetGenerated\FreeCachedContainer->getConnectionService()
#3 /var/www/html/wp-content/plugins/mailpoet/generated/FreeCachedContainer.php(2387): MailPoetGenerated\FreeCachedContainer->getEntityManagerService()
#4 /var/www/html/wp-content/plugins/mailpoet/generated/FreeCachedContainer.php(2377): MailPoetGenerated\FreeCachedContainer->getSettingsRepositoryService()
#5 /var/www/html/wp-content/plugins/mailpoet/vendor-prefixed/symfony/dependency-inje dans /var/www/html/wp-content/plugins/mailpoet/lib/Doctrine/ConnectionFactory.php à la ligne 84

2021-10-12T03:27:58+00:00 CRITICAL Uncaught Error: Undefined class constant 'MYSQL_ATTR_INIT_COMMAND' in /var/www/html/wp-content/plugins/mailpoet/lib/Doctrine/ConnectionFactory.php:84
Stack trace:
#0 /var/www/html/wp-content/plugins/mailpoet/lib/Doctrine/ConnectionFactory.php(45): MailPoet\Doctrine\ConnectionFactory->getDriverOptions('+02:00', 'utf8mb4', 'utf8mb4_unicode...')
#1 /var/www/html/wp-content/plugins/mailpoet/generated/FreeCachedContainer.php(396): MailPoet\Doctrine\ConnectionFactory->createConnection()
#2 /var/www/html/wp-content/plugins/mailpoet/generated/FreeCachedContainer.php(408): MailPoetGenerated\FreeCachedContainer->getConnectionService()
#3 /var/www/html/wp-content/plugins/mailpoet/generated/FreeCachedContainer.php(2387): MailPoetGenerated\FreeCachedContainer->getEntityManagerService()
#4 /var/www/html/wp-content/plugins/mailpoet/generated/FreeCachedContainer.php(2377): MailPoetGenerated\FreeCachedContainer->getSettingsRepositoryService()
#5 /var/www/html/wp-content/plugins/mailpoet/vendor-prefixed/symfony/dependency-inje dans /var/www/html/wp-content/plugins/mailpoet/lib/Doctrine/ConnectionFactory.php à la ligne 84

