2021-10-13T03:13:55+00:00 CRITICAL Uncaught Error: Call to undefined function jardiwinery_show_custom_field() in /var/www/html/wp-content/plugins/trx_utils/widgets/socials.php:136
Stack trace:
#0 /var/www/html/wp-includes/rest-api/endpoints/class-wp-rest-widget-types-controller.php(545): jardiwinery_widget_socials->form(Array)
#1 /var/www/html/wp-includes/rest-api/endpoints/class-wp-rest-widget-types-controller.php(484): WP_REST_Widget_Types_Controller->get_widget_form(Object(jardiwinery_widget_socials), Array)
#2 /var/www/html/wp-includes/rest-api/class-wp-rest-server.php(1140): WP_REST_Widget_Types_Controller->encode_form_data(Object(WP_REST_Request))
#3 /var/www/html/wp-includes/rest-api/class-wp-rest-server.php(987): WP_REST_Server->respond_to_request(Object(WP_REST_Request), '/wp/v2/widget-t...', Array, NULL)
#4 /var/www/html/wp-includes/rest-api/class-wp-rest-server.php(414): WP_REST_Server->dispatch(Object(WP_REST_Request))
#5 /var/www/html/wp-includes/rest-api.php(370): WP_REST_Server->serve_request('/wp/v2/widget-t...')
#6 /var/www/ht dans /var/www/html/wp-content/plugins/trx_utils/widgets/socials.php à la ligne 136

2021-10-13T03:17:14+00:00 CRITICAL Uncaught Error: Call to undefined function jardiwinery_show_custom_field() in /var/www/html/wp-content/plugins/trx_utils/widgets/socials.php:136
Stack trace:
#0 /var/www/html/wp-includes/rest-api/endpoints/class-wp-rest-widget-types-controller.php(545): jardiwinery_widget_socials->form(Array)
#1 /var/www/html/wp-includes/rest-api/endpoints/class-wp-rest-widget-types-controller.php(484): WP_REST_Widget_Types_Controller->get_widget_form(Object(jardiwinery_widget_socials), Array)
#2 /var/www/html/wp-includes/rest-api/class-wp-rest-server.php(1140): WP_REST_Widget_Types_Controller->encode_form_data(Object(WP_REST_Request))
#3 /var/www/html/wp-includes/rest-api/class-wp-rest-server.php(987): WP_REST_Server->respond_to_request(Object(WP_REST_Request), '/wp/v2/widget-t...', Array, NULL)
#4 /var/www/html/wp-includes/rest-api/class-wp-rest-server.php(414): WP_REST_Server->dispatch(Object(WP_REST_Request))
#5 /var/www/html/wp-includes/rest-api.php(370): WP_REST_Server->serve_request('/wp/v2/widget-t...')
#6 /var/www/ht dans /var/www/html/wp-content/plugins/trx_utils/widgets/socials.php à la ligne 136

2021-10-13T03:20:49+00:00 CRITICAL Uncaught Error: Call to undefined function jardiwinery_show_custom_field() in /var/www/html/wp-content/plugins/trx_utils/widgets/socials.php:136
Stack trace:
#0 /var/www/html/wp-includes/rest-api/endpoints/class-wp-rest-widget-types-controller.php(545): jardiwinery_widget_socials->form(Array)
#1 /var/www/html/wp-includes/rest-api/endpoints/class-wp-rest-widget-types-controller.php(484): WP_REST_Widget_Types_Controller->get_widget_form(Object(jardiwinery_widget_socials), Array)
#2 /var/www/html/wp-includes/rest-api/class-wp-rest-server.php(1140): WP_REST_Widget_Types_Controller->encode_form_data(Object(WP_REST_Request))
#3 /var/www/html/wp-includes/rest-api/class-wp-rest-server.php(987): WP_REST_Server->respond_to_request(Object(WP_REST_Request), '/wp/v2/widget-t...', Array, NULL)
#4 /var/www/html/wp-includes/rest-api/class-wp-rest-server.php(414): WP_REST_Server->dispatch(Object(WP_REST_Request))
#5 /var/www/html/wp-includes/rest-api.php(370): WP_REST_Server->serve_request('/wp/v2/widget-t...')
#6 /var/www/ht dans /var/www/html/wp-content/plugins/trx_utils/widgets/socials.php à la ligne 136

2021-10-13T03:26:11+00:00 CRITICAL Uncaught Error: Call to undefined function jardiwinery_show_custom_field() in /var/www/html/wp-content/plugins/trx_utils/widgets/socials.php:136
Stack trace:
#0 /var/www/html/wp-includes/class-wp-widget.php(534): jardiwinery_widget_socials->form(Array)
#1 /var/www/html/wp-includes/widgets.php(2004): WP_Widget->form_callback(Array)
#2 /var/www/html/wp-includes/rest-api/endpoints/class-wp-rest-widgets-controller.php(634): wp_render_widget_control('jardiwinery_wid...')
#3 /var/www/html/wp-includes/rest-api/endpoints/class-wp-rest-widgets-controller.php(122): WP_REST_Widgets_Controller->prepare_item_for_response(Array, Object(WP_REST_Request))
#4 /var/www/html/wp-includes/rest-api/class-wp-rest-server.php(1140): WP_REST_Widgets_Controller->get_items(Object(WP_REST_Request))
#5 /var/www/html/wp-includes/rest-api/class-wp-rest-server.php(987): WP_REST_Server->respond_to_request(Object(WP_REST_Request), '/wp/v2/widgets', Array, NULL)
#6 /var/www/html/wp-includes/rest-api/class-wp-rest-server.php(414): WP_REST_Server dans /var/www/html/wp-content/plugins/trx_utils/widgets/socials.php à la ligne 136

2021-10-13T15:15:07+00:00 CRITICAL Uncaught Error: Call to undefined function jardiwinery_show_custom_field() in /var/www/html/wp-content/plugins/trx_utils/widgets/socials.php:136
Stack trace:
#0 /var/www/html/wp-includes/rest-api/endpoints/class-wp-rest-widget-types-controller.php(545): jardiwinery_widget_socials->form(Array)
#1 /var/www/html/wp-includes/rest-api/endpoints/class-wp-rest-widget-types-controller.php(484): WP_REST_Widget_Types_Controller->get_widget_form(Object(jardiwinery_widget_socials), Array)
#2 /var/www/html/wp-includes/rest-api/class-wp-rest-server.php(1140): WP_REST_Widget_Types_Controller->encode_form_data(Object(WP_REST_Request))
#3 /var/www/html/wp-includes/rest-api/class-wp-rest-server.php(987): WP_REST_Server->respond_to_request(Object(WP_REST_Request), '/wp/v2/widget-t...', Array, NULL)
#4 /var/www/html/wp-includes/rest-api/class-wp-rest-server.php(414): WP_REST_Server->dispatch(Object(WP_REST_Request))
#5 /var/www/html/wp-includes/rest-api.php(370): WP_REST_Server->serve_request('/wp/v2/widget-t...')
#6 /var/www/ht dans /var/www/html/wp-content/plugins/trx_utils/widgets/socials.php à la ligne 136

2021-10-13T16:39:05+00:00 CRITICAL Uncaught Error: Call to undefined function jardiwinery_show_custom_field() in /var/www/html/wp-content/plugins/trx_utils/widgets/socials.php:136
Stack trace:
#0 /var/www/html/wp-includes/rest-api/endpoints/class-wp-rest-widget-types-controller.php(545): jardiwinery_widget_socials->form(Array)
#1 /var/www/html/wp-includes/rest-api/endpoints/class-wp-rest-widget-types-controller.php(484): WP_REST_Widget_Types_Controller->get_widget_form(Object(jardiwinery_widget_socials), Array)
#2 /var/www/html/wp-includes/rest-api/class-wp-rest-server.php(1140): WP_REST_Widget_Types_Controller->encode_form_data(Object(WP_REST_Request))
#3 /var/www/html/wp-includes/rest-api/class-wp-rest-server.php(987): WP_REST_Server->respond_to_request(Object(WP_REST_Request), '/wp/v2/widget-t...', Array, NULL)
#4 /var/www/html/wp-includes/rest-api/class-wp-rest-server.php(414): WP_REST_Server->dispatch(Object(WP_REST_Request))
#5 /var/www/html/wp-includes/rest-api.php(370): WP_REST_Server->serve_request('/wp/v2/widget-t...')
#6 /var/www/ht dans /var/www/html/wp-content/plugins/trx_utils/widgets/socials.php à la ligne 136

2021-10-13T16:43:17+00:00 CRITICAL Uncaught Error: Call to undefined function jardiwinery_show_custom_field() in /var/www/html/wp-content/plugins/trx_utils/widgets/socials.php:136
Stack trace:
#0 /var/www/html/wp-includes/class-wp-widget.php(534): jardiwinery_widget_socials->form(Array)
#1 /var/www/html/wp-includes/widgets.php(2004): WP_Widget->form_callback(Array)
#2 /var/www/html/wp-includes/rest-api/endpoints/class-wp-rest-widgets-controller.php(634): wp_render_widget_control('jardiwinery_wid...')
#3 /var/www/html/wp-includes/rest-api/endpoints/class-wp-rest-widgets-controller.php(122): WP_REST_Widgets_Controller->prepare_item_for_response(Array, Object(WP_REST_Request))
#4 /var/www/html/wp-includes/rest-api/class-wp-rest-server.php(1140): WP_REST_Widgets_Controller->get_items(Object(WP_REST_Request))
#5 /var/www/html/wp-includes/rest-api/class-wp-rest-server.php(987): WP_REST_Server->respond_to_request(Object(WP_REST_Request), '/wp/v2/widgets', Array, NULL)
#6 /var/www/html/wp-includes/rest-api/class-wp-rest-server.php(414): WP_REST_Server dans /var/www/html/wp-content/plugins/trx_utils/widgets/socials.php à la ligne 136

2021-10-13T16:43:18+00:00 CRITICAL Uncaught Error: Call to undefined function jardiwinery_show_custom_field() in /var/www/html/wp-content/plugins/trx_utils/widgets/socials.php:136
Stack trace:
#0 /var/www/html/wp-includes/class-wp-widget.php(534): jardiwinery_widget_socials->form(Array)
#1 /var/www/html/wp-includes/widgets.php(2004): WP_Widget->form_callback(Array)
#2 /var/www/html/wp-includes/rest-api/endpoints/class-wp-rest-widgets-controller.php(634): wp_render_widget_control('jardiwinery_wid...')
#3 /var/www/html/wp-includes/rest-api/endpoints/class-wp-rest-widgets-controller.php(343): WP_REST_Widgets_Controller->prepare_item_for_response(Array, Object(WP_REST_Request))
#4 /var/www/html/wp-includes/rest-api/class-wp-rest-server.php(1140): WP_REST_Widgets_Controller->delete_item(Object(WP_REST_Request))
#5 /var/www/html/wp-includes/rest-api/class-wp-rest-server.php(1626): WP_REST_Server->respond_to_request(Object(WP_REST_Request), '/wp/v2/widgets/...', Array, NULL)
#6 /var/www/html/wp-includes/rest-api/class-wp-rest-server.php(1140): WP_RES dans /var/www/html/wp-content/plugins/trx_utils/widgets/socials.php à la ligne 136

2021-10-13T16:44:03+00:00 CRITICAL Uncaught Error: Call to undefined function jardiwinery_show_custom_field() in /var/www/html/wp-content/plugins/trx_utils/widgets/socials.php:136
Stack trace:
#0 /var/www/html/wp-includes/class-wp-widget.php(534): jardiwinery_widget_socials->form(Array)
#1 /var/www/html/wp-includes/widgets.php(2004): WP_Widget->form_callback(Array)
#2 /var/www/html/wp-includes/rest-api/endpoints/class-wp-rest-widgets-controller.php(634): wp_render_widget_control('jardiwinery_wid...')
#3 /var/www/html/wp-includes/rest-api/endpoints/class-wp-rest-widgets-controller.php(343): WP_REST_Widgets_Controller->prepare_item_for_response(Array, Object(WP_REST_Request))
#4 /var/www/html/wp-includes/rest-api/class-wp-rest-server.php(1140): WP_REST_Widgets_Controller->delete_item(Object(WP_REST_Request))
#5 /var/www/html/wp-includes/rest-api/class-wp-rest-server.php(1626): WP_REST_Server->respond_to_request(Object(WP_REST_Request), '/wp/v2/widgets/...', Array, NULL)
#6 /var/www/html/wp-includes/rest-api/class-wp-rest-server.php(1140): WP_RES dans /var/www/html/wp-content/plugins/trx_utils/widgets/socials.php à la ligne 136

2021-10-13T16:45:16+00:00 CRITICAL Uncaught Error: Call to undefined function jardiwinery_show_custom_field() in /var/www/html/wp-content/plugins/trx_utils/widgets/socials.php:136
Stack trace:
#0 /var/www/html/wp-includes/rest-api/endpoints/class-wp-rest-widget-types-controller.php(545): jardiwinery_widget_socials->form(Array)
#1 /var/www/html/wp-includes/rest-api/endpoints/class-wp-rest-widget-types-controller.php(484): WP_REST_Widget_Types_Controller->get_widget_form(Object(jardiwinery_widget_socials), Array)
#2 /var/www/html/wp-includes/rest-api/class-wp-rest-server.php(1140): WP_REST_Widget_Types_Controller->encode_form_data(Object(WP_REST_Request))
#3 /var/www/html/wp-includes/rest-api/class-wp-rest-server.php(987): WP_REST_Server->respond_to_request(Object(WP_REST_Request), '/wp/v2/widget-t...', Array, NULL)
#4 /var/www/html/wp-includes/rest-api/class-wp-rest-server.php(414): WP_REST_Server->dispatch(Object(WP_REST_Request))
#5 /var/www/html/wp-includes/rest-api.php(370): WP_REST_Server->serve_request('/wp/v2/widget-t...')
#6 /var/www/ht dans /var/www/html/wp-content/plugins/trx_utils/widgets/socials.php à la ligne 136

2021-10-13T16:45:19+00:00 CRITICAL Uncaught Error: Call to undefined function jardiwinery_show_custom_field() in /var/www/html/wp-content/plugins/trx_utils/widgets/socials.php:136
Stack trace:
#0 /var/www/html/wp-includes/class-wp-widget.php(534): jardiwinery_widget_socials->form(Array)
#1 /var/www/html/wp-includes/widgets.php(2004): WP_Widget->form_callback(Array)
#2 /var/www/html/wp-includes/rest-api/endpoints/class-wp-rest-widgets-controller.php(634): wp_render_widget_control('jardiwinery_wid...')
#3 /var/www/html/wp-includes/rest-api/endpoints/class-wp-rest-widgets-controller.php(343): WP_REST_Widgets_Controller->prepare_item_for_response(Array, Object(WP_REST_Request))
#4 /var/www/html/wp-includes/rest-api/class-wp-rest-server.php(1140): WP_REST_Widgets_Controller->delete_item(Object(WP_REST_Request))
#5 /var/www/html/wp-includes/rest-api/class-wp-rest-server.php(1626): WP_REST_Server->respond_to_request(Object(WP_REST_Request), '/wp/v2/widgets/...', Array, NULL)
#6 /var/www/html/wp-includes/rest-api/class-wp-rest-server.php(1140): WP_RES dans /var/www/html/wp-content/plugins/trx_utils/widgets/socials.php à la ligne 136

