2021-11-18T15:28:54+00:00 CRITICAL Uncaught Error: Call to a member function get_phone() on null in /var/www/html/primusevent/store/wp-content/themes/jardiwinery_child/functions.php:15
Stack trace:
#0 /var/www/html/primusevent/store/wp-settings.php(546): include()
#1 /var/www/html/primusevent/store/wp-config.php(134): require_once('/var/www/html/p...')
#2 /var/www/html/primusevent/store/wp-load.php(50): require_once('/var/www/html/p...')
#3 /var/www/html/primusevent/store/wp-blog-header.php(13): require_once('/var/www/html/p...')
#4 /var/www/html/primusevent/store/index.php(17): require('/var/www/html/p...')
#5 {main}
  thrown dans /var/www/html/primusevent/store/wp-content/themes/jardiwinery_child/functions.php à la ligne 15

2021-11-18T15:28:56+00:00 CRITICAL Uncaught Error: Call to a member function get_phone() on null in /var/www/html/primusevent/store/wp-content/themes/jardiwinery_child/functions.php:15
Stack trace:
#0 /var/www/html/primusevent/store/wp-settings.php(546): include()
#1 /var/www/html/primusevent/store/wp-config.php(134): require_once('/var/www/html/p...')
#2 /var/www/html/primusevent/store/wp-load.php(50): require_once('/var/www/html/p...')
#3 /var/www/html/primusevent/store/wp-blog-header.php(13): require_once('/var/www/html/p...')
#4 /var/www/html/primusevent/store/index.php(17): require('/var/www/html/p...')
#5 {main}
  thrown dans /var/www/html/primusevent/store/wp-content/themes/jardiwinery_child/functions.php à la ligne 15

2021-11-18T15:31:47+00:00 CRITICAL Uncaught Error: Call to a member function get_phone() on null in /var/www/html/primusevent/store/wp-content/themes/jardiwinery_child/functions.php:16
Stack trace:
#0 /var/www/html/primusevent/store/wp-settings.php(546): include()
#1 /var/www/html/primusevent/store/wp-config.php(134): require_once('/var/www/html/p...')
#2 /var/www/html/primusevent/store/wp-load.php(50): require_once('/var/www/html/p...')
#3 /var/www/html/primusevent/store/wp-blog-header.php(13): require_once('/var/www/html/p...')
#4 /var/www/html/primusevent/store/index.php(17): require('/var/www/html/p...')
#5 {main}
  thrown dans /var/www/html/primusevent/store/wp-content/themes/jardiwinery_child/functions.php à la ligne 16

2021-11-18T15:31:48+00:00 CRITICAL Uncaught Error: Call to a member function get_phone() on null in /var/www/html/primusevent/store/wp-content/themes/jardiwinery_child/functions.php:16
Stack trace:
#0 /var/www/html/primusevent/store/wp-settings.php(546): include()
#1 /var/www/html/primusevent/store/wp-config.php(134): require_once('/var/www/html/p...')
#2 /var/www/html/primusevent/store/wp-load.php(50): require_once('/var/www/html/p...')
#3 /var/www/html/primusevent/store/wp-blog-header.php(13): require_once('/var/www/html/p...')
#4 /var/www/html/primusevent/store/index.php(17): require('/var/www/html/p...')
#5 {main}
  thrown dans /var/www/html/primusevent/store/wp-content/themes/jardiwinery_child/functions.php à la ligne 16

2021-11-18T15:31:55+00:00 CRITICAL Uncaught Error: Call to a member function get_phone() on null in /var/www/html/primusevent/store/wp-content/themes/jardiwinery_child/functions.php:16
Stack trace:
#0 /var/www/html/primusevent/store/wp-settings.php(546): include()
#1 /var/www/html/primusevent/store/wp-config.php(134): require_once('/var/www/html/p...')
#2 /var/www/html/primusevent/store/wp-load.php(50): require_once('/var/www/html/p...')
#3 /var/www/html/primusevent/store/wp-blog-header.php(13): require_once('/var/www/html/p...')
#4 /var/www/html/primusevent/store/index.php(17): require('/var/www/html/p...')
#5 {main}
  thrown dans /var/www/html/primusevent/store/wp-content/themes/jardiwinery_child/functions.php à la ligne 16

2021-11-18T15:31:56+00:00 CRITICAL Uncaught Error: Call to a member function get_phone() on null in /var/www/html/primusevent/store/wp-content/themes/jardiwinery_child/functions.php:16
Stack trace:
#0 /var/www/html/primusevent/store/wp-settings.php(546): include()
#1 /var/www/html/primusevent/store/wp-config.php(134): require_once('/var/www/html/p...')
#2 /var/www/html/primusevent/store/wp-load.php(50): require_once('/var/www/html/p...')
#3 /var/www/html/primusevent/store/wp-blog-header.php(13): require_once('/var/www/html/p...')
#4 /var/www/html/primusevent/store/index.php(17): require('/var/www/html/p...')
#5 {main}
  thrown dans /var/www/html/primusevent/store/wp-content/themes/jardiwinery_child/functions.php à la ligne 16

2021-11-18T15:33:04+00:00 CRITICAL syntax error, unexpected '<' dans /var/www/html/primusevent/store/wp-content/themes/jardiwinery_child/functions.php à la ligne 16

2021-11-18T15:33:04+00:00 CRITICAL syntax error, unexpected '<' dans /var/www/html/primusevent/store/wp-content/themes/jardiwinery_child/functions.php à la ligne 16

2021-11-18T15:39:16+00:00 CRITICAL Uncaught Error: Call to a member function get() on null in /var/www/html/primusevent/store/wp-content/themes/jardiwinery_child/functions.php:6
Stack trace:
#0 /var/www/html/primusevent/store/wp-settings.php(546): include()
#1 /var/www/html/primusevent/store/wp-config.php(134): require_once('/var/www/html/p...')
#2 /var/www/html/primusevent/store/wp-load.php(50): require_once('/var/www/html/p...')
#3 /var/www/html/primusevent/store/wp-blog-header.php(13): require_once('/var/www/html/p...')
#4 /var/www/html/primusevent/store/index.php(17): require('/var/www/html/p...')
#5 {main}
  thrown dans /var/www/html/primusevent/store/wp-content/themes/jardiwinery_child/functions.php à la ligne 6

2021-11-18T15:39:18+00:00 CRITICAL Uncaught Error: Call to a member function get() on null in /var/www/html/primusevent/store/wp-content/themes/jardiwinery_child/functions.php:6
Stack trace:
#0 /var/www/html/primusevent/store/wp-settings.php(546): include()
#1 /var/www/html/primusevent/store/wp-config.php(134): require_once('/var/www/html/p...')
#2 /var/www/html/primusevent/store/wp-load.php(50): require_once('/var/www/html/p...')
#3 /var/www/html/primusevent/store/wp-blog-header.php(13): require_once('/var/www/html/p...')
#4 /var/www/html/primusevent/store/index.php(17): require('/var/www/html/p...')
#5 {main}
  thrown dans /var/www/html/primusevent/store/wp-content/themes/jardiwinery_child/functions.php à la ligne 6

2021-11-18T15:39:46+00:00 CRITICAL Uncaught Error: Call to a member function get() on null in /var/www/html/primusevent/store/wp-content/themes/jardiwinery_child/functions.php:6
Stack trace:
#0 /var/www/html/primusevent/store/wp-settings.php(546): include()
#1 /var/www/html/primusevent/store/wp-config.php(134): require_once('/var/www/html/p...')
#2 /var/www/html/primusevent/store/wp-load.php(50): require_once('/var/www/html/p...')
#3 /var/www/html/primusevent/store/wp-admin/admin-ajax.php(22): require_once('/var/www/html/p...')
#4 {main}
  thrown dans /var/www/html/primusevent/store/wp-content/themes/jardiwinery_child/functions.php à la ligne 6

2021-11-18T15:40:37+00:00 CRITICAL Uncaught Error: Call to a member function get() on null in /var/www/html/primusevent/store/wp-content/themes/jardiwinery_child/functions.php:6
Stack trace:
#0 /var/www/html/primusevent/store/wp-settings.php(546): include()
#1 /var/www/html/primusevent/store/wp-config.php(134): require_once('/var/www/html/p...')
#2 /var/www/html/primusevent/store/wp-load.php(50): require_once('/var/www/html/p...')
#3 /var/www/html/primusevent/store/wp-blog-header.php(13): require_once('/var/www/html/p...')
#4 /var/www/html/primusevent/store/index.php(17): require('/var/www/html/p...')
#5 {main}
  thrown dans /var/www/html/primusevent/store/wp-content/themes/jardiwinery_child/functions.php à la ligne 6

2021-11-18T15:40:38+00:00 CRITICAL Uncaught Error: Call to a member function get() on null in /var/www/html/primusevent/store/wp-content/themes/jardiwinery_child/functions.php:6
Stack trace:
#0 /var/www/html/primusevent/store/wp-settings.php(546): include()
#1 /var/www/html/primusevent/store/wp-config.php(134): require_once('/var/www/html/p...')
#2 /var/www/html/primusevent/store/wp-load.php(50): require_once('/var/www/html/p...')
#3 /var/www/html/primusevent/store/wp-blog-header.php(13): require_once('/var/www/html/p...')
#4 /var/www/html/primusevent/store/index.php(17): require('/var/www/html/p...')
#5 {main}
  thrown dans /var/www/html/primusevent/store/wp-content/themes/jardiwinery_child/functions.php à la ligne 6

2021-11-18T15:41:45+00:00 CRITICAL Uncaught Error: Call to a member function get() on null in /var/www/html/primusevent/store/wp-content/themes/jardiwinery_child/functions.php:6
Stack trace:
#0 /var/www/html/primusevent/store/wp-settings.php(546): include()
#1 /var/www/html/primusevent/store/wp-config.php(134): require_once('/var/www/html/p...')
#2 /var/www/html/primusevent/store/wp-load.php(50): require_once('/var/www/html/p...')
#3 /var/www/html/primusevent/store/wp-admin/admin-ajax.php(22): require_once('/var/www/html/p...')
#4 {main}
  thrown dans /var/www/html/primusevent/store/wp-content/themes/jardiwinery_child/functions.php à la ligne 6

2021-11-18T15:41:59+00:00 CRITICAL Uncaught Error: Call to a member function get() on null in /var/www/html/primusevent/store/wp-content/themes/jardiwinery_child/functions.php:6
Stack trace:
#0 /var/www/html/primusevent/store/wp-settings.php(546): include()
#1 /var/www/html/primusevent/store/wp-config.php(134): require_once('/var/www/html/p...')
#2 /var/www/html/primusevent/store/wp-load.php(50): require_once('/var/www/html/p...')
#3 /var/www/html/primusevent/store/wp-blog-header.php(13): require_once('/var/www/html/p...')
#4 /var/www/html/primusevent/store/index.php(17): require('/var/www/html/p...')
#5 {main}
  thrown dans /var/www/html/primusevent/store/wp-content/themes/jardiwinery_child/functions.php à la ligne 6

2021-11-18T15:42:00+00:00 CRITICAL Uncaught Error: Call to a member function get() on null in /var/www/html/primusevent/store/wp-content/themes/jardiwinery_child/functions.php:6
Stack trace:
#0 /var/www/html/primusevent/store/wp-settings.php(546): include()
#1 /var/www/html/primusevent/store/wp-config.php(134): require_once('/var/www/html/p...')
#2 /var/www/html/primusevent/store/wp-load.php(50): require_once('/var/www/html/p...')
#3 /var/www/html/primusevent/store/wp-blog-header.php(13): require_once('/var/www/html/p...')
#4 /var/www/html/primusevent/store/index.php(17): require('/var/www/html/p...')
#5 {main}
  thrown dans /var/www/html/primusevent/store/wp-content/themes/jardiwinery_child/functions.php à la ligne 6

2021-11-18T15:46:29+00:00 CRITICAL syntax error, unexpected '}', expecting end of file dans /var/www/html/primusevent/store/wp-content/themes/jardiwinery_child/functions.php à la ligne 22

2021-11-18T15:46:30+00:00 CRITICAL syntax error, unexpected '}', expecting end of file dans /var/www/html/primusevent/store/wp-content/themes/jardiwinery_child/functions.php à la ligne 22

2021-11-18T15:47:27+00:00 CRITICAL syntax error, unexpected '}', expecting end of file dans /var/www/html/primusevent/store/wp-content/themes/jardiwinery_child/functions.php à la ligne 21

2021-11-18T15:47:27+00:00 CRITICAL syntax error, unexpected '}', expecting end of file dans /var/www/html/primusevent/store/wp-content/themes/jardiwinery_child/functions.php à la ligne 21

2021-11-18T15:47:33+00:00 CRITICAL syntax error, unexpected '}', expecting end of file dans /var/www/html/primusevent/store/wp-content/themes/jardiwinery_child/functions.php à la ligne 21

2021-11-18T15:47:34+00:00 CRITICAL syntax error, unexpected '}', expecting end of file dans /var/www/html/primusevent/store/wp-content/themes/jardiwinery_child/functions.php à la ligne 21

2021-11-18T16:08:44+00:00 CRITICAL syntax error, unexpected '}', expecting end of file dans /var/www/html/primusevent/store/wp-content/themes/jardiwinery_child/functions.php à la ligne 21

2021-11-18T16:08:45+00:00 CRITICAL syntax error, unexpected '}', expecting end of file dans /var/www/html/primusevent/store/wp-content/themes/jardiwinery_child/functions.php à la ligne 21

