2021-11-28T18:11:12+00:00 CRITICAL Uncaught Error: Call to a member function get_location() on boolean in /var/www/html/primusevent/store/wp-content/themes/jardiwinery_child/dokan/store-vendor-biography.php:10
Stack trace:
#0 /var/www/html/primusevent/store/wp-includes/template-loader.php(106): include()
#1 /var/www/html/primusevent/store/wp-blog-header.php(19): require_once('/var/www/html/p...')
#2 /var/www/html/primusevent/store/index.php(17): require('/var/www/html/p...')
#3 {main}
  thrown dans /var/www/html/primusevent/store/wp-content/themes/jardiwinery_child/dokan/store-vendor-biography.php à la ligne 10

2021-11-28T18:11:20+00:00 CRITICAL Uncaught ArgumentCountError: Too few arguments to function add_new_store_tab(), 1 passed in /var/www/html/primusevent/store/wp-includes/class-wp-hook.php on line 305 and exactly 2 expected in /var/www/html/primusevent/store/wp-content/themes/jardiwinery_child/functions.php:14
Stack trace:
#0 /var/www/html/primusevent/store/wp-includes/class-wp-hook.php(305): add_new_store_tab(Array)
#1 /var/www/html/primusevent/store/wp-includes/plugin.php(189): WP_Hook->apply_filters(Array, Array)
#2 /var/www/html/primusevent/store/wp-content/plugins/dokan-lite/includes/functions.php(1316): apply_filters('dokan_store_tab...', Array, 1)
#3 /var/www/html/primusevent/store/wp-content/plugins/dokan-lite/templates/store-header.php(5): dokan_get_store_tabs(1)
#4 /var/www/html/primusevent/store/wp-content/plugins/dokan-lite/includes/functions.php(970): include('/var/www/html/p...')
#5 /var/www/html/primusevent/store/wp-content/plugins/dokan-pro/templates/store-reviews.php(28): dokan_get_template_part('store-header')
#6 /var/www/htm dans /var/www/html/primusevent/store/wp-content/themes/jardiwinery_child/functions.php à la ligne 14

2021-11-28T18:14:43+00:00 CRITICAL Uncaught Error: Call to a member function get_location() on boolean in /var/www/html/primusevent/store/wp-content/themes/jardiwinery_child/dokan/store-vendor-biography.php:10
Stack trace:
#0 /var/www/html/primusevent/store/wp-includes/template-loader.php(106): include()
#1 /var/www/html/primusevent/store/wp-blog-header.php(19): require_once('/var/www/html/p...')
#2 /var/www/html/primusevent/store/index.php(17): require('/var/www/html/p...')
#3 {main}
  thrown dans /var/www/html/primusevent/store/wp-content/themes/jardiwinery_child/dokan/store-vendor-biography.php à la ligne 10

2021-11-28T18:44:35+00:00 CRITICAL Uncaught Error: Call to a member function get_location() on boolean in /var/www/html/primusevent/store/wp-content/themes/jardiwinery_child/dokan/store-vendor-biography.php:10
Stack trace:
#0 /var/www/html/primusevent/store/wp-includes/template-loader.php(106): include()
#1 /var/www/html/primusevent/store/wp-blog-header.php(19): require_once('/var/www/html/p...')
#2 /var/www/html/primusevent/store/index.php(17): require('/var/www/html/p...')
#3 {main}
  thrown dans /var/www/html/primusevent/store/wp-content/themes/jardiwinery_child/dokan/store-vendor-biography.php à la ligne 10

